<?xml version="1.0" encoding="UTF-8"?>
<testng-results ignored="0" total="4" passed="3" failed="1" skipped="0">
  <reporter-output>
  </reporter-output>
  <suite started-at="2023-08-08T18:41:50 IST" name="Suite" finished-at="2023-08-08T18:42:31 IST" duration-ms="41664">
    <groups>
    </groups>
    <test started-at="2023-08-08T18:41:50 IST" name="Test" finished-at="2023-08-08T18:42:31 IST" duration-ms="41664">
      <class name="org.sap.tests.OrangeHrmTests">
        <test-method is-config="true" signature="setUp([Ljava.lang.Object;)[pri:0, instance:org.sap.tests.OrangeHrmTests@436813f3]" started-at="2023-08-08T18:41:51 IST" name="setUp" finished-at="2023-08-08T18:41:59 IST" duration-ms="8433" status="PASS">
          <params>
            <param index="0">
              <value>
                <![CDATA[[Ljava.lang.Object;@7c455e96]]>
              </value>
            </param>
          </params>
          <reporter-output>
          </reporter-output>
        </test-method> <!-- setUp -->
        <test-method is-config="true" signature="setUp([Ljava.lang.Object;)[pri:0, instance:org.sap.tests.OrangeHrmTests@436813f3]" started-at="2023-08-08T18:41:51 IST" name="setUp" finished-at="2023-08-08T18:42:02 IST" duration-ms="11457" status="PASS">
          <params>
            <param index="0">
              <value>
                <![CDATA[[Ljava.lang.Object;@985696]]>
              </value>
            </param>
          </params>
          <reporter-output>
          </reporter-output>
        </test-method> <!-- setUp -->
        <test-method is-config="true" signature="setUp([Ljava.lang.Object;)[pri:0, instance:org.sap.tests.OrangeHrmTests@436813f3]" started-at="2023-08-08T18:41:51 IST" name="setUp" finished-at="2023-08-08T18:42:00 IST" duration-ms="9076" status="PASS">
          <params>
            <param index="0">
              <value>
                <![CDATA[[Ljava.lang.Object;@5bcde458]]>
              </value>
            </param>
          </params>
          <reporter-output>
          </reporter-output>
        </test-method> <!-- setUp -->
        <test-method signature="newTest1(java.util.Map)[pri:0, instance:org.sap.tests.OrangeHrmTests@436813f3]" started-at="2023-08-08T18:41:59 IST" name="newTest1" description="To check wheather test is executed" data-provider="getData" finished-at="2023-08-08T18:42:14 IST" duration-ms="14598" status="FAIL">
          <params>
            <param index="0">
              <value>
                <![CDATA[{browser=chrome, testname=newTest1, execute=yes, passowrd=admin1234, faname=malathi, username=Admin}]]>
              </value>
            </param>
          </params>
          <exception class="org.openqa.selenium.TimeoutException">
            <message>
              <![CDATA[Expected condition failed: waiting for element to be clickable: By.xpath: //p[@class='oxd-userdropdown-name'] (tried for 10 second(s) with 500 milliseconds interval)]]>
            </message>
            <full-stacktrace>
              <![CDATA[org.openqa.selenium.TimeoutException: Expected condition failed: waiting for element to be clickable: By.xpath: //p[@class='oxd-userdropdown-name'] (tried for 10 second(s) with 500 milliseconds interval)
at org.openqa.selenium.support.ui.WebDriverWait.timeoutException(WebDriverWait.java:95)
at org.openqa.selenium.support.ui.FluentWait.until(FluentWait.java:272)
at org.sap.factories.ExpliciteWaitFactory.performExplicteWait(ExpliciteWaitFactory.java:17)
at org.sap.pages.BasePage.click(BasePage.java:15)
at org.sap.pages.OrangeHrmHomePage.clickNameDropDown(OrangeHrmHomePage.java:22)
at org.sap.tests.OrangeHrmTests.newTest1(OrangeHrmTests.java:43)
at java.base/jdk.internal.reflect.NativeMethodAccessorImpl.invoke0(Native Method)
at java.base/jdk.internal.reflect.NativeMethodAccessorImpl.invoke(NativeMethodAccessorImpl.java:77)
at java.base/jdk.internal.reflect.DelegatingMethodAccessorImpl.invoke(DelegatingMethodAccessorImpl.java:43)
at java.base/java.lang.reflect.Method.invoke(Method.java:568)
at org.testng.internal.invokers.MethodInvocationHelper.invokeMethod(MethodInvocationHelper.java:139)
at org.testng.internal.invokers.TestInvoker.invokeMethod(TestInvoker.java:664)
at org.testng.internal.invokers.TestInvoker.invokeTestMethod(TestInvoker.java:227)
at org.testng.internal.invokers.MethodRunner.runInSequence(MethodRunner.java:50)
at org.testng.internal.invokers.TestInvoker$MethodInvocationAgent.invoke(TestInvoker.java:957)
at org.testng.internal.invokers.TestInvoker.invokeTestMethods(TestInvoker.java:200)
at org.testng.internal.invokers.TestMethodWorker.invokeTestMethods(TestMethodWorker.java:148)
at org.testng.internal.invokers.TestMethodWorker.run(TestMethodWorker.java:128)
at java.base/java.util.concurrent.ThreadPoolExecutor.runWorker(ThreadPoolExecutor.java:1136)
at java.base/java.util.concurrent.ThreadPoolExecutor$Worker.run(ThreadPoolExecutor.java:635)
at java.base/java.lang.Thread.run(Thread.java:833)
Caused by: org.openqa.selenium.NoSuchElementException: no such element: Unable to locate element: {"method":"xpath","selector":"//p[@class='oxd-userdropdown-name']"}
  (Session info: chrome=115.0.5790.171)
For documentation on this error, please visit: https://www.seleniumhq.org/exceptions/no_such_element.html
Build info: version: '3.141.59', revision: 'e82be7d358', time: '2018-11-14T08:17:03'
System info: host: 'MOREVASANTHKUMA', ip: '192.168.0.108', os.name: 'Windows 10', os.arch: 'amd64', os.version: '10.0', java.version: '17.0.7'
Driver info: org.openqa.selenium.chrome.ChromeDriver
Capabilities {acceptInsecureCerts: false, browserName: chrome, browserVersion: 115.0.5790.171, chrome: {chromedriverVersion: 114.0.5735.90 (386bc09e8f4f..., userDataDir: C:\Users\SPUGE\AppData\Loca...}, goog:chromeOptions: {debuggerAddress: localhost:52448}, javascriptEnabled: true, networkConnectionEnabled: false, pageLoadStrategy: normal, platform: WINDOWS, platformName: WINDOWS, proxy: Proxy(), setWindowRect: true, strictFileInteractability: false, timeouts: {implicit: 0, pageLoad: 300000, script: 30000}, unhandledPromptBehavior: dismiss and notify, webauthn:extension:credBlob: true, webauthn:extension:largeBlob: true, webauthn:extension:minPinLength: true, webauthn:extension:prf: true, webauthn:virtualAuthenticators: true}
Session ID: 0ca8c7cd7a5896a0c648f1e64087b092
*** Element info: {Using=xpath, value=//p[@class='oxd-userdropdown-name']}
at jdk.internal.reflect.GeneratedConstructorAccessor27.newInstance(Unknown Source)
at java.base/jdk.internal.reflect.DelegatingConstructorAccessorImpl.newInstance(DelegatingConstructorAccessorImpl.java:45)
at java.base/java.lang.reflect.Constructor.newInstanceWithCaller(Constructor.java:499)
at java.base/java.lang.reflect.Constructor.newInstance(Constructor.java:480)
at org.openqa.selenium.remote.http.W3CHttpResponseCodec.createException(W3CHttpResponseCodec.java:187)
at org.openqa.selenium.remote.http.W3CHttpResponseCodec.decode(W3CHttpResponseCodec.java:122)
at org.openqa.selenium.remote.http.W3CHttpResponseCodec.decode(W3CHttpResponseCodec.java:49)
at org.openqa.selenium.remote.HttpCommandExecutor.execute(HttpCommandExecutor.java:158)
at org.openqa.selenium.remote.service.DriverCommandExecutor.execute(DriverCommandExecutor.java:83)
at org.openqa.selenium.remote.RemoteWebDriver.execute(RemoteWebDriver.java:552)
at org.openqa.selenium.remote.RemoteWebDriver.findElement(RemoteWebDriver.java:323)
at org.openqa.selenium.remote.RemoteWebDriver.findElementByXPath(RemoteWebDriver.java:428)
at org.openqa.selenium.By$ByXPath.findElement(By.java:353)
at org.openqa.selenium.remote.RemoteWebDriver.findElement(RemoteWebDriver.java:315)
at org.openqa.selenium.support.ui.ExpectedConditions$7.apply(ExpectedConditions.java:205)
at org.openqa.selenium.support.ui.ExpectedConditions$7.apply(ExpectedConditions.java:201)
at org.openqa.selenium.support.ui.ExpectedConditions$22.apply(ExpectedConditions.java:641)
at org.openqa.selenium.support.ui.ExpectedConditions$22.apply(ExpectedConditions.java:638)
at org.openqa.selenium.support.ui.FluentWait.until(FluentWait.java:249)
... 19 more
]]>
            </full-stacktrace>
          </exception> <!-- org.openqa.selenium.TimeoutException -->
          <reporter-output>
          </reporter-output>
        </test-method> <!-- newTest1 -->
        <test-method signature="loginLogoutTest1(java.util.Map)[pri:0, instance:org.sap.tests.OrangeHrmTests@436813f3]" started-at="2023-08-08T18:42:00 IST" name="loginLogoutTest1" description="To check wheather user can successfully Login and logout" data-provider="getData" finished-at="2023-08-08T18:42:09 IST" duration-ms="8972" status="PASS">
          <params>
            <param index="0">
              <value>
                <![CDATA[{browser=chrome, testname=loginLogoutTest1, execute=yes, passowrd=admin123, faname=vasanth, username=Admin}]]>
              </value>
            </param>
          </params>
          <reporter-output>
          </reporter-output>
        </test-method> <!-- loginLogoutTest1 -->
        <test-method signature="loginLogoutTest2(java.util.Map)[pri:0, instance:org.sap.tests.OrangeHrmTests@436813f3]" started-at="2023-08-08T18:42:02 IST" name="loginLogoutTest2" description="Login logout test 2" data-provider="getData" finished-at="2023-08-08T18:42:10 IST" duration-ms="8373" status="PASS">
          <params>
            <param index="0">
              <value>
                <![CDATA[{browser=edge, testname=loginLogoutTest2, execute=yes, passowrd=admin123, faname=pavan, username=Admin}]]>
              </value>
            </param>
          </params>
          <reporter-output>
          </reporter-output>
        </test-method> <!-- loginLogoutTest2 -->
        <test-method is-config="true" signature="tearDown()[pri:0, instance:org.sap.tests.OrangeHrmTests@436813f3]" started-at="2023-08-08T18:42:09 IST" name="tearDown" finished-at="2023-08-08T18:42:10 IST" duration-ms="965" status="PASS">
          <reporter-output>
          </reporter-output>
        </test-method> <!-- tearDown -->
        <test-method is-config="true" signature="setUp([Ljava.lang.Object;)[pri:0, instance:org.sap.tests.OrangeHrmTests@436813f3]" started-at="2023-08-08T18:42:10 IST" name="setUp" finished-at="2023-08-08T18:42:23 IST" duration-ms="13412" status="PASS">
          <params>
            <param index="0">
              <value>
                <![CDATA[[Ljava.lang.Object;@215a34b4]]>
              </value>
            </param>
          </params>
          <reporter-output>
          </reporter-output>
        </test-method> <!-- setUp -->
        <test-method is-config="true" signature="tearDown()[pri:0, instance:org.sap.tests.OrangeHrmTests@436813f3]" started-at="2023-08-08T18:42:11 IST" name="tearDown" finished-at="2023-08-08T18:42:12 IST" duration-ms="805" status="PASS">
          <reporter-output>
          </reporter-output>
        </test-method> <!-- tearDown -->
        <test-method is-config="true" signature="tearDown()[pri:0, instance:org.sap.tests.OrangeHrmTests@436813f3]" started-at="2023-08-08T18:42:14 IST" name="tearDown" finished-at="2023-08-08T18:42:16 IST" duration-ms="1633" status="PASS">
          <reporter-output>
          </reporter-output>
        </test-method> <!-- tearDown -->
        <test-method signature="loginLogoutTest1(java.util.Map)[pri:0, instance:org.sap.tests.OrangeHrmTests@436813f3]" started-at="2023-08-08T18:42:23 IST" name="loginLogoutTest1" description="To check wheather user can successfully Login and logout" data-provider="getData" finished-at="2023-08-08T18:42:30 IST" duration-ms="6175" status="PASS">
          <params>
            <param index="0">
              <value>
                <![CDATA[{browser=firefox, testname=loginLogoutTest1, execute=yes, passowrd=admin123, faname=, username=Admin}]]>
              </value>
            </param>
          </params>
          <reporter-output>
          </reporter-output>
        </test-method> <!-- loginLogoutTest1 -->
        <test-method is-config="true" signature="tearDown()[pri:0, instance:org.sap.tests.OrangeHrmTests@436813f3]" started-at="2023-08-08T18:42:30 IST" name="tearDown" finished-at="2023-08-08T18:42:31 IST" duration-ms="1670" status="PASS">
          <reporter-output>
          </reporter-output>
        </test-method> <!-- tearDown -->
      </class> <!-- org.sap.tests.OrangeHrmTests -->
    </test> <!-- Test -->
  </suite> <!-- Suite -->
</testng-results>
