<?xml version="1.0" encoding="UTF-8"?>
<!-- Generated by org.testng.reporters.JUnitXMLReporter -->
<testsuite ignored="2" hostname="MoreVasanthKumar" failures="0" tests="2" name="Test" time="22.763" errors="0" timestamp="2023-08-21T10:48:03 IST">
  <testcase classname="org.sap.tests.AmazonDemoTest" name="amazonTest" time="2.871"/>
  <testcase classname="org.sap.tests.AmazonDemoTest" name="amazonTest" time="3.042"/>
  <testcase classname="org.sap.tests.OrangeHrmTests" name="test1" time="0.0">
    <ignored/>
  </testcase> <!-- test1 -->
  <testcase classname="org.sap.tests.AmazonDemoTest" name="m1" time="0.0">
    <ignored/>
  </testcase> <!-- m1 -->
</testsuite> <!-- Test -->
