<?xml version="1.0" encoding="UTF-8"?>
<!-- Generated by org.testng.reporters.JUnitXMLReporter -->
<testsuite ignored="5" hostname="MoreVasanthKumar" failures="0" tests="3" name="Default test" time="0.261" errors="0" timestamp="2023-08-14T12:52:15 IST">
  <testcase classname="org.exercise.dataprovider.latest.DataProviderTest" name="test1" time="0.02"/>
  <testcase classname="org.exercise.dataprovider.latest.DataProviderTest" name="test1" time="0.004"/>
  <testcase classname="org.exercise.dataprovider.latest.DataProviderTest" name="test1" time="0.013"/>
  <testcase classname="org.exercise.dataprovider.latest.DataProviderTest" name="dataProviderTestWithExcel" time="0.0">
    <ignored/>
  </testcase> <!-- dataProviderTestWithExcel -->
  <testcase classname="org.exercise.dataprovider.latest.DataProviderTest" name="dataProvierTestjsonFile" time="0.0">
    <ignored/>
  </testcase> <!-- dataProvierTestjsonFile -->
  <testcase classname="org.exercise.dataprovider.latest.DataProviderTest" name="test2" time="0.0">
    <ignored/>
  </testcase> <!-- test2 -->
  <testcase classname="org.exercise.dataprovider.latest.DataProviderTest" name="test3" time="0.0">
    <ignored/>
  </testcase> <!-- test3 -->
  <testcase classname="org.exercise.dataprovider.latest.DataProviderTest" name="dataProviderTestWithExcelHasMap" time="0.0">
    <ignored/>
  </testcase> <!-- dataProviderTestWithExcelHasMap -->
</testsuite> <!-- Default test -->
